<?xml version="1.0" encoding="UTF-8"?>
<!-- Generated by org.testng.reporters.JUnitReportReporter -->
<testsuite skipped="0" hostname="ANKITA" name="script.PrintTitleTest" tests="1" failures="0" timestamp="23 Nov 2020 09:21:37 GMT" time="22.666" errors="0">
  <testcase name="clickOnProfileName" time="22.666" classname="script.PrintTitleTest"/>
</testsuite> <!-- script.PrintTitleTest -->
