<?xml version="1.0" encoding="UTF-8"?>
<!-- Generated by org.testng.reporters.JUnitReportReporter -->
<testsuite skipped="0" hostname="ANKITA" name="script.SearchAppearanceTest" tests="1" failures="0" timestamp="23 Nov 2020 12:20:03 GMT" time="16.220" errors="0">
  <testcase name="searchAppearanceProfile" time="16.220" classname="script.SearchAppearanceTest"/>
</testsuite> <!-- script.SearchAppearanceTest -->
