<?xml version="1.0" encoding="UTF-8"?>
<!-- Generated by org.testng.reporters.JUnitReportReporter -->
<testsuite skipped="0" hostname="ANKITA" name="script.LoginTest" tests="1" failures="0" timestamp="23 Nov 2020 08:22:50 GMT" time="10.169" errors="0">
  <testcase name="NaukriLogin" time="10.169" classname="script.LoginTest"/>
</testsuite> <!-- script.LoginTest -->
